/!\ FAILSAFE /!\  Wed Jun 09 15:22:57 -0300 2010
  Status: 500 Internal Server Error
  Unknown database 'railsblog_development'
    /usr/local/lib/ruby/gems/1.8/gems/activerecord-2.3.5/lib/active_record/connection_adapters/mysql_adapter.rb:589:in `real_connect'
    /usr/local/lib/ruby/gems/1.8/gems/activerecord-2.3.5/lib/active_record/connection_adapters/mysql_adapter.rb:589:in `connect'
    /usr/local/lib/ruby/gems/1.8/gems/activerecord-2.3.5/lib/active_record/connection_adapters/mysql_adapter.rb:203:in `initialize'
    /usr/local/lib/ruby/gems/1.8/gems/activerecord-2.3.5/lib/active_record/connection_adapters/mysql_adapter.rb:75:in `new'
    /usr/local/lib/ruby/gems/1.8/gems/activerecord-2.3.5/lib/active_record/connection_adapters/mysql_adapter.rb:75:in `mysql_connection'
    /usr/local/lib/ruby/gems/1.8/gems/activerecord-2.3.5/lib/active_record/connection_adapters/abstract/connection_pool.rb:223:in `send'
    /usr/local/lib/ruby/gems/1.8/gems/activerecord-2.3.5/lib/active_record/connection_adapters/abstract/connection_pool.rb:223:in `new_connection'
    /usr/local/lib/ruby/gems/1.8/gems/activerecord-2.3.5/lib/active_record/connection_adapters/abstract/connection_pool.rb:245:in `checkout_new_connection'
    /usr/local/lib/ruby/gems/1.8/gems/activerecord-2.3.5/lib/active_record/connection_adapters/abstract/connection_pool.rb:188:in `checkout'
    /usr/local/lib/ruby/gems/1.8/gems/activerecord-2.3.5/lib/active_record/connection_adapters/abstract/connection_pool.rb:184:in `loop'
    /usr/local/lib/ruby/gems/1.8/gems/activerecord-2.3.5/lib/active_record/connection_adapters/abstract/connection_pool.rb:184:in `checkout'
    /usr/local/lib/ruby/1.8/monitor.rb:242:in `synchronize'
    /usr/local/lib/ruby/gems/1.8/gems/activerecord-2.3.5/lib/active_record/connection_adapters/abstract/connection_pool.rb:183:in `checkout'
    /usr/local/lib/ruby/gems/1.8/gems/activerecord-2.3.5/lib/active_record/connection_adapters/abstract/connection_pool.rb:98:in `connection'
    /usr/local/lib/ruby/gems/1.8/gems/activerecord-2.3.5/lib/active_record/connection_adapters/abstract/connection_pool.rb:326:in `retrieve_connection'
    /usr/local/lib/ruby/gems/1.8/gems/activerecord-2.3.5/lib/active_record/connection_adapters/abstract/connection_specification.rb:123:in `retrieve_connection'
    /usr/local/lib/ruby/gems/1.8/gems/activerecord-2.3.5/lib/active_record/connection_adapters/abstract/connection_specification.rb:115:in `connection'
    /usr/local/lib/ruby/gems/1.8/gems/activerecord-2.3.5/lib/active_record/query_cache.rb:9:in `cache'
    /usr/local/lib/ruby/gems/1.8/gems/activerecord-2.3.5/lib/active_record/query_cache.rb:28:in `call'
    /usr/local/lib/ruby/gems/1.8/gems/activerecord-2.3.5/lib/active_record/connection_adapters/abstract/connection_pool.rb:361:in `call'
    /usr/local/lib/ruby/gems/1.8/gems/actionpack-2.3.5/lib/action_controller/string_coercion.rb:25:in `call'
    /usr/local/lib/ruby/gems/1.8/gems/rack-1.0.1/lib/rack/head.rb:9:in `call'
    /usr/local/lib/ruby/gems/1.8/gems/rack-1.0.1/lib/rack/methodoverride.rb:24:in `call'
    /usr/local/lib/ruby/gems/1.8/gems/actionpack-2.3.5/lib/action_controller/params_parser.rb:15:in `call'
    /usr/local/lib/ruby/gems/1.8/gems/actionpack-2.3.5/lib/action_controller/session/cookie_store.rb:93:in `call'
    /usr/local/lib/ruby/gems/1.8/gems/actionpack-2.3.5/lib/action_controller/failsafe.rb:26:in `call'
    /usr/local/lib/ruby/gems/1.8/gems/rack-1.0.1/lib/rack/lock.rb:11:in `call'
    /usr/local/lib/ruby/gems/1.8/gems/rack-1.0.1/lib/rack/lock.rb:11:in `synchronize'
    /usr/local/lib/ruby/gems/1.8/gems/rack-1.0.1/lib/rack/lock.rb:11:in `call'
    /usr/local/lib/ruby/gems/1.8/gems/actionpack-2.3.5/lib/action_controller/dispatcher.rb:114:in `call'
    /usr/local/lib/ruby/gems/1.8/gems/actionpack-2.3.5/lib/action_controller/reloader.rb:34:in `run'
    /usr/local/lib/ruby/gems/1.8/gems/actionpack-2.3.5/lib/action_controller/dispatcher.rb:108:in `call'
    /usr/local/lib/ruby/gems/1.8/gems/rails-2.3.5/lib/rails/rack/static.rb:31:in `call'
    /usr/local/lib/ruby/gems/1.8/gems/rack-1.0.1/lib/rack/urlmap.rb:46:in `call'
    /usr/local/lib/ruby/gems/1.8/gems/rack-1.0.1/lib/rack/urlmap.rb:40:in `each'
    /usr/local/lib/ruby/gems/1.8/gems/rack-1.0.1/lib/rack/urlmap.rb:40:in `call'
    /usr/local/lib/ruby/gems/1.8/gems/rails-2.3.5/lib/rails/rack/log_tailer.rb:17:in `call'
    /usr/local/lib/ruby/gems/1.8/gems/rack-1.0.1/lib/rack/content_length.rb:13:in `call'
    /usr/local/lib/ruby/gems/1.8/gems/rack-1.0.1/lib/rack/chunked.rb:15:in `call'
    /usr/local/lib/ruby/gems/1.8/gems/rack-1.0.1/lib/rack/handler/mongrel.rb:64:in `process'
    /usr/local/lib/ruby/gems/1.8/gems/mongrel-1.1.5/lib/mongrel.rb:159:in `process_client'
    /usr/local/lib/ruby/gems/1.8/gems/mongrel-1.1.5/lib/mongrel.rb:158:in `each'
    /usr/local/lib/ruby/gems/1.8/gems/mongrel-1.1.5/lib/mongrel.rb:158:in `process_client'
    /usr/local/lib/ruby/gems/1.8/gems/mongrel-1.1.5/lib/mongrel.rb:285:in `run'
    /usr/local/lib/ruby/gems/1.8/gems/mongrel-1.1.5/lib/mongrel.rb:285:in `initialize'
    /usr/local/lib/ruby/gems/1.8/gems/mongrel-1.1.5/lib/mongrel.rb:285:in `new'
    /usr/local/lib/ruby/gems/1.8/gems/mongrel-1.1.5/lib/mongrel.rb:285:in `run'
    /usr/local/lib/ruby/gems/1.8/gems/mongrel-1.1.5/lib/mongrel.rb:268:in `initialize'
    /usr/local/lib/ruby/gems/1.8/gems/mongrel-1.1.5/lib/mongrel.rb:268:in `new'
    /usr/local/lib/ruby/gems/1.8/gems/mongrel-1.1.5/lib/mongrel.rb:268:in `run'
    /usr/local/lib/ruby/gems/1.8/gems/rack-1.0.1/lib/rack/handler/mongrel.rb:34:in `run'
    /usr/local/lib/ruby/gems/1.8/gems/rails-2.3.5/lib/commands/server.rb:111
    /usr/local/lib/ruby/site_ruby/1.8/rubygems/custom_require.rb:31:in `gem_original_require'
    /usr/local/lib/ruby/site_ruby/1.8/rubygems/custom_require.rb:31:in `require'
    script/server:3
  [4;36;1mSQL (0.2ms)[0m   [0;1mSET NAMES 'utf8'[0m
  [4;35;1mSQL (15.2ms)[0m   [0mSET SQL_AUTO_IS_NULL=0[0m
  [4;36;1mSQL (15.0ms)[0m   [0;1mSHOW TABLES[0m
  [4;35;1mSQL (636.3ms)[0m   [0mCREATE TABLE `schema_migrations` (`version` varchar(255) NOT NULL) ENGINE=InnoDB[0m
  [4;36;1mSQL (372.5ms)[0m   [0;1mCREATE UNIQUE INDEX `unique_schema_migrations` ON `schema_migrations` (`version`)[0m
  [4;35;1mSQL (0.4ms)[0m   [0mSHOW TABLES[0m
  [4;36;1mSQL (0.3ms)[0m   [0;1mSELECT version FROM schema_migrations[0m
Migrating to CreatePosts (20100609175405)
  [4;35;1mSQL (238.9ms)[0m   [0mCREATE TABLE `posts` (`id` int(11) DEFAULT NULL auto_increment PRIMARY KEY, `title` varchar(255), `body` text, `created_at` datetime, `updated_at` datetime) ENGINE=InnoDB[0m
  [4;36;1mSQL (44.0ms)[0m   [0;1mINSERT INTO schema_migrations (version) VALUES ('20100609175405')[0m
  [4;35;1mSQL (0.4ms)[0m   [0mSHOW TABLES[0m
  [4;36;1mSQL (0.2ms)[0m   [0;1mSELECT version FROM schema_migrations[0m
  [4;35;1mSQL (0.2ms)[0m   [0mSHOW TABLES[0m
  [4;36;1mSQL (45.6ms)[0m   [0;1mSHOW FIELDS FROM `posts`[0m
  [4;35;1mSQL (11.3ms)[0m   [0mdescribe `posts`[0m
  [4;36;1mSQL (0.5ms)[0m   [0;1mSHOW KEYS FROM `posts`[0m
  [4;36;1mSQL (0.2ms)[0m   [0;1mSET NAMES 'utf8'[0m
  [4;35;1mSQL (0.1ms)[0m   [0mSET SQL_AUTO_IS_NULL=0[0m


Processing Rails::InfoController#properties (for 127.0.0.1 at 2010-06-09 15:25:00) [GET]
  [4;36;1mSQL (0.5ms)[0m   [0;1mSHOW TABLES[0m
  [4;35;1mSQL (0.2ms)[0m   [0mSELECT version FROM schema_migrations[0m
Completed in 127ms (View: 11, DB: 1) | 200 OK [http://localhost/rails/info/properties]
  [4;36;1mSQL (0.1ms)[0m   [0;1mSET NAMES 'utf8'[0m
  [4;35;1mSQL (0.1ms)[0m   [0mSET SQL_AUTO_IS_NULL=0[0m


Processing ApplicationController#index (for 127.0.0.1 at 2010-06-09 15:25:08) [GET]

ActionController::RoutingError (No route matches "/new" with {:method=>:get}):
  

Rendering rescues/layout (not_found)
  [4;36;1mSQL (0.1ms)[0m   [0;1mSET NAMES 'utf8'[0m
  [4;35;1mSQL (0.1ms)[0m   [0mSET SQL_AUTO_IS_NULL=0[0m


Processing ApplicationController#index (for 127.0.0.1 at 2010-06-09 15:25:14) [GET]

ActionController::RoutingError (No route matches "/create" with {:method=>:get}):
  

Rendering rescues/layout (not_found)
  [4;36;1mSQL (0.1ms)[0m   [0;1mSET NAMES 'utf8'[0m
  [4;35;1mSQL (0.1ms)[0m   [0mSET SQL_AUTO_IS_NULL=0[0m


Processing PostsController#index (for 127.0.0.1 at 2010-06-09 15:25:55) [GET]

ActionController::UnknownAction (No action responded to index. Actions: create, new, and show):
  

Rendering rescues/layout (not_found)
  [4;36;1mSQL (0.1ms)[0m   [0;1mSET NAMES 'utf8'[0m
  [4;35;1mSQL (0.1ms)[0m   [0mSET SQL_AUTO_IS_NULL=0[0m


Processing PostsController#new (for 127.0.0.1 at 2010-06-09 15:26:00) [GET]
  [4;36;1mPost Columns (25.8ms)[0m   [0;1mSHOW FIELDS FROM `posts`[0m
Rendering posts/new
ERROR: compiling _run_erb_app47views47posts47new46html46erb RAISED compile error
/Users/davidhines/Rails/railsblog/app/views/posts/new.html.erb:9: syntax error, unexpected ')', expecting tCOLON2 or '[' or '.'
...t(( error_messages for 'post').to_s); @output_buffer.concat ...
                              ^
Function body:           def _run_erb_app47views47posts47new46html46erb(local_assigns)
            old_output_buffer = output_buffer;;@output_buffer = '';  __in_erb_template=true ; 
# app/views/posts/new.html.erb

@output_buffer.concat "\n<h2>Write a new blog post</h2>\n"

; 
# Writes displays a form element for the new post

@output_buffer.concat(( error_messages for 'post').to_s); @output_buffer.concat "\n\n"

;  form_for @post do |post_form| ; @output_buffer.concat "\n  <p>\n    <strong>Title:</strong>\n    "


; @output_buffer.concat(( post_form.text_field :title).to_s); @output_buffer.concat "\n  </p>\n  <p>\n    <strong>Body:</strong>\n    "



; @output_buffer.concat(( post_form.text_area :body ).to_s); @output_buffer.concat "\n  </p>\n  <p>"

;  post_form.submit 'Save post' ; @output_buffer.concat "</p>\n"
;  end; @output_buffer
          ensure
            self.output_buffer = old_output_buffer
          end
Backtrace: /Users/davidhines/Rails/railsblog/app/views/posts/new.html.erb:24:in `compile!'
/usr/local/lib/ruby/gems/1.8/gems/actionpack-2.3.5/lib/action_view/renderable.rb:61:in `compile'
/usr/local/lib/ruby/gems/1.8/gems/actionpack-2.3.5/lib/action_view/renderable.rb:28:in `render'
/usr/local/lib/ruby/gems/1.8/gems/actionpack-2.3.5/lib/action_view/template.rb:205:in `render_template'
/usr/local/lib/ruby/gems/1.8/gems/actionpack-2.3.5/lib/action_view/base.rb:265:in `render'
/usr/local/lib/ruby/gems/1.8/gems/actionpack-2.3.5/lib/action_controller/base.rb:1250:in `render_for_file'
/usr/local/lib/ruby/gems/1.8/gems/actionpack-2.3.5/lib/action_controller/base.rb:945:in `render_without_benchmark'
/usr/local/lib/ruby/gems/1.8/gems/actionpack-2.3.5/lib/action_controller/benchmarking.rb:51:in `render'
/usr/local/lib/ruby/gems/1.8/gems/activesupport-2.3.5/lib/active_support/core_ext/benchmark.rb:17:in `ms'
/usr/local/lib/ruby/1.8/benchmark.rb:308:in `realtime'
/usr/local/lib/ruby/gems/1.8/gems/activesupport-2.3.5/lib/active_support/core_ext/benchmark.rb:17:in `ms'
/usr/local/lib/ruby/gems/1.8/gems/actionpack-2.3.5/lib/action_controller/benchmarking.rb:51:in `render'
/usr/local/lib/ruby/gems/1.8/gems/actionpack-2.3.5/lib/action_controller/base.rb:1326:in `default_render'
/usr/local/lib/ruby/gems/1.8/gems/actionpack-2.3.5/lib/action_controller/base.rb:1332:in `perform_action_without_filters'
/usr/local/lib/ruby/gems/1.8/gems/actionpack-2.3.5/lib/action_controller/filters.rb:617:in `call_filters'
/usr/local/lib/ruby/gems/1.8/gems/actionpack-2.3.5/lib/action_controller/filters.rb:610:in `perform_action_without_benchmark'
/usr/local/lib/ruby/gems/1.8/gems/actionpack-2.3.5/lib/action_controller/benchmarking.rb:68:in `perform_action_without_rescue'
/usr/local/lib/ruby/gems/1.8/gems/activesupport-2.3.5/lib/active_support/core_ext/benchmark.rb:17:in `ms'
/usr/local/lib/ruby/1.8/benchmark.rb:308:in `realtime'
/usr/local/lib/ruby/gems/1.8/gems/activesupport-2.3.5/lib/active_support/core_ext/benchmark.rb:17:in `ms'
/usr/local/lib/ruby/gems/1.8/gems/actionpack-2.3.5/lib/action_controller/benchmarking.rb:68:in `perform_action_without_rescue'
/usr/local/lib/ruby/gems/1.8/gems/actionpack-2.3.5/lib/action_controller/rescue.rb:160:in `perform_action_without_flash'
/usr/local/lib/ruby/gems/1.8/gems/actionpack-2.3.5/lib/action_controller/flash.rb:146:in `perform_action'
/usr/local/lib/ruby/gems/1.8/gems/actionpack-2.3.5/lib/action_controller/base.rb:532:in `send'
/usr/local/lib/ruby/gems/1.8/gems/actionpack-2.3.5/lib/action_controller/base.rb:532:in `process_without_filters'
/usr/local/lib/ruby/gems/1.8/gems/actionpack-2.3.5/lib/action_controller/filters.rb:606:in `process'
/usr/local/lib/ruby/gems/1.8/gems/actionpack-2.3.5/lib/action_controller/base.rb:391:in `process'
/usr/local/lib/ruby/gems/1.8/gems/actionpack-2.3.5/lib/action_controller/base.rb:386:in `call'
/usr/local/lib/ruby/gems/1.8/gems/actionpack-2.3.5/lib/action_controller/routing/route_set.rb:437:in `call'
/usr/local/lib/ruby/gems/1.8/gems/actionpack-2.3.5/lib/action_controller/dispatcher.rb:87:in `dispatch'
/usr/local/lib/ruby/gems/1.8/gems/actionpack-2.3.5/lib/action_controller/dispatcher.rb:121:in `_call'
/usr/local/lib/ruby/gems/1.8/gems/actionpack-2.3.5/lib/action_controller/dispatcher.rb:130:in `build_middleware_stack'
/usr/local/lib/ruby/gems/1.8/gems/activerecord-2.3.5/lib/active_record/query_cache.rb:29:in `call'
/usr/local/lib/ruby/gems/1.8/gems/activerecord-2.3.5/lib/active_record/query_cache.rb:29:in `call'
/usr/local/lib/ruby/gems/1.8/gems/activerecord-2.3.5/lib/active_record/connection_adapters/abstract/query_cache.rb:34:in `cache'
/usr/local/lib/ruby/gems/1.8/gems/activerecord-2.3.5/lib/active_record/query_cache.rb:9:in `cache'
/usr/local/lib/ruby/gems/1.8/gems/activerecord-2.3.5/lib/active_record/query_cache.rb:28:in `call'
/usr/local/lib/ruby/gems/1.8/gems/activerecord-2.3.5/lib/active_record/connection_adapters/abstract/connection_pool.rb:361:in `call'
/usr/local/lib/ruby/gems/1.8/gems/actionpack-2.3.5/lib/action_controller/string_coercion.rb:25:in `call'
/usr/local/lib/ruby/gems/1.8/gems/rack-1.0.1/lib/rack/head.rb:9:in `call'
/usr/local/lib/ruby/gems/1.8/gems/rack-1.0.1/lib/rack/methodoverride.rb:24:in `call'
/usr/local/lib/ruby/gems/1.8/gems/actionpack-2.3.5/lib/action_controller/params_parser.rb:15:in `call'
/usr/local/lib/ruby/gems/1.8/gems/actionpack-2.3.5/lib/action_controller/session/cookie_store.rb:93:in `call'
/usr/local/lib/ruby/gems/1.8/gems/actionpack-2.3.5/lib/action_controller/failsafe.rb:26:in `call'
/usr/local/lib/ruby/gems/1.8/gems/rack-1.0.1/lib/rack/lock.rb:11:in `call'
/usr/local/lib/ruby/gems/1.8/gems/rack-1.0.1/lib/rack/lock.rb:11:in `synchronize'
/usr/local/lib/ruby/gems/1.8/gems/rack-1.0.1/lib/rack/lock.rb:11:in `call'
/usr/local/lib/ruby/gems/1.8/gems/actionpack-2.3.5/lib/action_controller/dispatcher.rb:114:in `call'
/usr/local/lib/ruby/gems/1.8/gems/actionpack-2.3.5/lib/action_controller/reloader.rb:34:in `run'
/usr/local/lib/ruby/gems/1.8/gems/actionpack-2.3.5/lib/action_controller/dispatcher.rb:108:in `call'
/usr/local/lib/ruby/gems/1.8/gems/rails-2.3.5/lib/rails/rack/static.rb:31:in `call'
/usr/local/lib/ruby/gems/1.8/gems/rack-1.0.1/lib/rack/urlmap.rb:46:in `call'
/usr/local/lib/ruby/gems/1.8/gems/rack-1.0.1/lib/rack/urlmap.rb:40:in `each'
/usr/local/lib/ruby/gems/1.8/gems/rack-1.0.1/lib/rack/urlmap.rb:40:in `call'
/usr/local/lib/ruby/gems/1.8/gems/rails-2.3.5/lib/rails/rack/log_tailer.rb:17:in `call'
/usr/local/lib/ruby/gems/1.8/gems/rack-1.0.1/lib/rack/content_length.rb:13:in `call'
/usr/local/lib/ruby/gems/1.8/gems/rack-1.0.1/lib/rack/chunked.rb:15:in `call'
/usr/local/lib/ruby/gems/1.8/gems/rack-1.0.1/lib/rack/handler/mongrel.rb:64:in `process'
/usr/local/lib/ruby/gems/1.8/gems/mongrel-1.1.5/lib/mongrel.rb:159:in `process_client'
/usr/local/lib/ruby/gems/1.8/gems/mongrel-1.1.5/lib/mongrel.rb:158:in `each'
/usr/local/lib/ruby/gems/1.8/gems/mongrel-1.1.5/lib/mongrel.rb:158:in `process_client'
/usr/local/lib/ruby/gems/1.8/gems/mongrel-1.1.5/lib/mongrel.rb:285:in `run'
/usr/local/lib/ruby/gems/1.8/gems/mongrel-1.1.5/lib/mongrel.rb:285:in `initialize'
/usr/local/lib/ruby/gems/1.8/gems/mongrel-1.1.5/lib/mongrel.rb:285:in `new'
/usr/local/lib/ruby/gems/1.8/gems/mongrel-1.1.5/lib/mongrel.rb:285:in `run'
/usr/local/lib/ruby/gems/1.8/gems/mongrel-1.1.5/lib/mongrel.rb:268:in `initialize'
/usr/local/lib/ruby/gems/1.8/gems/mongrel-1.1.5/lib/mongrel.rb:268:in `new'
/usr/local/lib/ruby/gems/1.8/gems/mongrel-1.1.5/lib/mongrel.rb:268:in `run'
/usr/local/lib/ruby/gems/1.8/gems/rack-1.0.1/lib/rack/handler/mongrel.rb:34:in `run'
/usr/local/lib/ruby/gems/1.8/gems/rails-2.3.5/lib/commands/server.rb:111
/usr/local/lib/ruby/site_ruby/1.8/rubygems/custom_require.rb:31:in `gem_original_require'
/usr/local/lib/ruby/site_ruby/1.8/rubygems/custom_require.rb:31:in `require'
script/server:3

ActionView::TemplateError (compile error
/Users/davidhines/Rails/railsblog/app/views/posts/new.html.erb:9: syntax error, unexpected ')', expecting tCOLON2 or '[' or '.'
...t(( error_messages for 'post').to_s); @output_buffer.concat ...
                              ^) on line #9 of app/views/posts/new.html.erb:
6: <%-
7: # Writes displays a form element for the new post
8: -%>
9: <%= error_messages for 'post'%>
10: 
11: <% form_for @post do |post_form| %>
12:   <p>

    app/views/posts/new.html.erb:24:in `compile!'

Rendered rescues/_trace (144.7ms)
Rendered rescues/_request_and_response (89.0ms)
Rendering rescues/layout (internal_server_error)
  [4;35;1mSQL (0.1ms)[0m   [0mSET NAMES 'utf8'[0m
  [4;36;1mSQL (0.1ms)[0m   [0;1mSET SQL_AUTO_IS_NULL=0[0m


Processing PostsController#new (for 127.0.0.1 at 2010-06-09 15:26:41) [GET]
  [4;35;1mPost Columns (1.1ms)[0m   [0mSHOW FIELDS FROM `posts`[0m
Rendering posts/new
Completed in 265ms (View: 254, DB: 1) | 200 OK [http://localhost/posts/new]
  [4;36;1mSQL (0.1ms)[0m   [0;1mSET NAMES 'utf8'[0m
  [4;35;1mSQL (0.1ms)[0m   [0mSET SQL_AUTO_IS_NULL=0[0m


Processing PostsController#new (for 127.0.0.1 at 2010-06-09 15:27:02) [GET]
  [4;36;1mPost Columns (1.1ms)[0m   [0;1mSHOW FIELDS FROM `posts`[0m
Rendering posts/new
Completed in 57ms (View: 45, DB: 1) | 200 OK [http://localhost/posts/new]
  [4;35;1mSQL (0.1ms)[0m   [0mSET NAMES 'utf8'[0m
  [4;36;1mSQL (0.1ms)[0m   [0;1mSET SQL_AUTO_IS_NULL=0[0m


Processing PostsController#new (for 127.0.0.1 at 2010-06-09 15:27:07) [GET]
  [4;35;1mPost Columns (1.1ms)[0m   [0mSHOW FIELDS FROM `posts`[0m
Rendering posts/new
Completed in 29ms (View: 16, DB: 1) | 200 OK [http://localhost/posts/new]
  [4;36;1mSQL (0.1ms)[0m   [0;1mSET NAMES 'utf8'[0m
  [4;35;1mSQL (0.1ms)[0m   [0mSET SQL_AUTO_IS_NULL=0[0m


Processing PostsController#new (for 127.0.0.1 at 2010-06-09 15:27:24) [GET]
  [4;36;1mPost Columns (1.1ms)[0m   [0;1mSHOW FIELDS FROM `posts`[0m
Rendering posts/new
Completed in 28ms (View: 16, DB: 1) | 200 OK [http://localhost/posts/new]
  [4;35;1mSQL (0.4ms)[0m   [0mSET NAMES 'utf8'[0m
  [4;36;1mSQL (0.1ms)[0m   [0;1mSET SQL_AUTO_IS_NULL=0[0m


Processing PostsController#new (for 127.0.0.1 at 2010-06-09 15:27:28) [GET]
  [4;35;1mPost Columns (1.1ms)[0m   [0mSHOW FIELDS FROM `posts`[0m
Rendering posts/new
Completed in 19ms (View: 7, DB: 2) | 200 OK [http://localhost/posts/new]
  [4;36;1mSQL (0.1ms)[0m   [0;1mSET NAMES 'utf8'[0m
  [4;35;1mSQL (0.1ms)[0m   [0mSET SQL_AUTO_IS_NULL=0[0m


Processing PostsController#new (for 127.0.0.1 at 2010-06-09 15:27:42) [GET]
  [4;36;1mPost Columns (1.3ms)[0m   [0;1mSHOW FIELDS FROM `posts`[0m
Rendering posts/new
Completed in 32ms (View: 17, DB: 2) | 200 OK [http://localhost/posts/new]
  [4;35;1mSQL (0.1ms)[0m   [0mSET NAMES 'utf8'[0m
  [4;36;1mSQL (0.1ms)[0m   [0;1mSET SQL_AUTO_IS_NULL=0[0m


Processing PostsController#create (for 127.0.0.1 at 2010-06-09 15:27:59) [POST]
  Parameters: {"commit"=>"Save post", "post"=>{"body"=>"Wow, I spelled 'first' wrong!", "title"=>"Firs blog post"}, "authenticity_token"=>"otdNbA5yzsqAK6/mnhWSrzSi8EKqhgNREjB+xOXSfhg="}
  [4;35;1mPost Columns (1.1ms)[0m   [0mSHOW FIELDS FROM `posts`[0m
  [4;36;1mSQL (38.2ms)[0m   [0;1mBEGIN[0m
  [4;35;1mPost Load (41.0ms)[0m   [0mSELECT `posts`.id FROM `posts` WHERE (`posts`.`title` = BINARY 'Firs blog post') LIMIT 1[0m
  [4;36;1mPost Create (9.4ms)[0m   [0;1mINSERT INTO `posts` (`created_at`, `title`, `body`, `updated_at`) VALUES('2010-06-09 18:27:59', 'Firs blog post', 'Wow, I spelled \'first\' wrong!', '2010-06-09 18:27:59')[0m
  [4;35;1mSQL (49.4ms)[0m   [0mCOMMIT[0m
Redirected to http://localhost:3000/posts/1
Completed in 176ms (DB: 139) | 302 Found [http://localhost/posts]
  [4;36;1mSQL (0.1ms)[0m   [0;1mSET NAMES 'utf8'[0m
  [4;35;1mSQL (0.1ms)[0m   [0mSET SQL_AUTO_IS_NULL=0[0m


Processing PostsController#show (for 127.0.0.1 at 2010-06-09 15:27:59) [GET]
  Parameters: {"id"=>"1"}
  [4;36;1mPost Columns (1.2ms)[0m   [0;1mSHOW FIELDS FROM `posts`[0m
  [4;35;1mPost Load (44.2ms)[0m   [0mSELECT * FROM `posts` WHERE (`posts`.`id` = 1) [0m
Rendering posts/show
Completed in 475ms (View: 417, DB: 46) | 200 OK [http://localhost/posts/1]
  [4;36;1mSQL (0.1ms)[0m   [0;1mSET NAMES 'utf8'[0m
  [4;35;1mSQL (0.1ms)[0m   [0mSET SQL_AUTO_IS_NULL=0[0m


Processing PostsController#index (for 127.0.0.1 at 2010-06-09 15:28:09) [GET]

ActionController::UnknownAction (No action responded to index. Actions: create, new, and show):
  

Rendering rescues/layout (not_found)
  [4;36;1mSQL (0.2ms)[0m   [0;1mSET NAMES 'utf8'[0m
  [4;35;1mSQL (0.1ms)[0m   [0mSET SQL_AUTO_IS_NULL=0[0m
  [4;36;1mSQL (14.4ms)[0m   [0;1mSHOW TABLES[0m
  [4;35;1mSQL (0.3ms)[0m   [0mSELECT version FROM schema_migrations[0m
Migrating to CreatePosts (20100609175405)
Migrating to AddAuthorToPost (20100609184508)
  [4;36;1mSQL (189.0ms)[0m   [0;1mALTER TABLE `posts` ADD `author` varchar(255)[0m
  [4;35;1mSQL (0.5ms)[0m   [0mINSERT INTO schema_migrations (version) VALUES ('20100609184508')[0m
  [4;36;1mSQL (0.4ms)[0m   [0;1mSHOW TABLES[0m
  [4;35;1mSQL (0.2ms)[0m   [0mSELECT version FROM schema_migrations[0m
  [4;36;1mSQL (29.1ms)[0m   [0;1mSHOW TABLES[0m
  [4;35;1mSQL (16.6ms)[0m   [0mSHOW FIELDS FROM `posts`[0m
  [4;36;1mSQL (1.0ms)[0m   [0;1mdescribe `posts`[0m
  [4;35;1mSQL (0.3ms)[0m   [0mSHOW KEYS FROM `posts`[0m
  [4;36;1mSQL (0.2ms)[0m   [0;1mSET NAMES 'utf8'[0m
  [4;35;1mSQL (0.2ms)[0m   [0mSET SQL_AUTO_IS_NULL=0[0m


Processing PostsController#show (for 127.0.0.1 at 2010-06-09 15:50:03) [GET]
  Parameters: {"id"=>"1"}
  [4;36;1mPost Columns (1.1ms)[0m   [0;1mSHOW FIELDS FROM `posts`[0m
  [4;35;1mPost Load (0.2ms)[0m   [0mSELECT * FROM `posts` WHERE (`posts`.`id` = 1) [0m
Rendering posts/show
Completed in 102ms (View: 38, DB: 2) | 200 OK [http://localhost/posts/1]
  [4;36;1mSQL (0.1ms)[0m   [0;1mSET NAMES 'utf8'[0m
  [4;35;1mSQL (0.1ms)[0m   [0mSET SQL_AUTO_IS_NULL=0[0m
  [4;36;1mSQL (0.3ms)[0m   [0;1mSHOW TABLES[0m
  [4;35;1mSQL (0.2ms)[0m   [0mSELECT version FROM schema_migrations[0m
Migrating to CreatePosts (20100609175405)
Migrating to AddAuthorToPost (20100609184508)
  [4;36;1mSQL (21.1ms)[0m   [0;1mSHOW TABLES[0m
  [4;35;1mSQL (0.2ms)[0m   [0mSELECT version FROM schema_migrations[0m
  [4;36;1mSQL (0.3ms)[0m   [0;1mSHOW TABLES[0m
  [4;35;1mSQL (1.0ms)[0m   [0mSHOW FIELDS FROM `posts`[0m
  [4;36;1mSQL (0.9ms)[0m   [0;1mdescribe `posts`[0m
  [4;35;1mSQL (0.2ms)[0m   [0mSHOW KEYS FROM `posts`[0m
  [4;36;1mSQL (0.1ms)[0m   [0;1mSET NAMES 'utf8'[0m
  [4;35;1mSQL (0.1ms)[0m   [0mSET SQL_AUTO_IS_NULL=0[0m


Processing PostsController#show (for 127.0.0.1 at 2010-06-09 15:52:23) [GET]
  Parameters: {"id"=>"1"}
  [4;36;1mPost Columns (1.2ms)[0m   [0;1mSHOW FIELDS FROM `posts`[0m
  [4;35;1mPost Load (0.2ms)[0m   [0mSELECT * FROM `posts` WHERE (`posts`.`id` = 1) [0m
Rendering posts/show
Completed in 17ms (View: 3, DB: 2) | 200 OK [http://localhost/posts/1]
  [4;36;1mSQL (0.1ms)[0m   [0;1mSET NAMES 'utf8'[0m
  [4;35;1mSQL (0.1ms)[0m   [0mSET SQL_AUTO_IS_NULL=0[0m


Processing PostsController#new (for 127.0.0.1 at 2010-06-09 15:52:30) [GET]
  [4;36;1mPost Columns (1.2ms)[0m   [0;1mSHOW FIELDS FROM `posts`[0m
Rendering posts/new
Completed in 218ms (View: 206, DB: 1) | 200 OK [http://localhost/posts/new]
  [4;35;1mSQL (0.1ms)[0m   [0mSET NAMES 'utf8'[0m
  [4;36;1mSQL (0.1ms)[0m   [0;1mSET SQL_AUTO_IS_NULL=0[0m


Processing PostsController#new (for 127.0.0.1 at 2010-06-09 15:53:06) [GET]
  [4;35;1mPost Columns (1.3ms)[0m   [0mSHOW FIELDS FROM `posts`[0m
Rendering posts/new
Completed in 28ms (View: 16, DB: 1) | 200 OK [http://localhost/posts/new]
  [4;36;1mSQL (0.1ms)[0m   [0;1mSET NAMES 'utf8'[0m
  [4;35;1mSQL (0.1ms)[0m   [0mSET SQL_AUTO_IS_NULL=0[0m


Processing PostsController#new (for 127.0.0.1 at 2010-06-09 15:53:15) [GET]
  [4;36;1mPost Columns (1.1ms)[0m   [0;1mSHOW FIELDS FROM `posts`[0m
Rendering posts/new
Completed in 28ms (View: 17, DB: 1) | 200 OK [http://localhost/posts/new]
  [4;35;1mSQL (0.1ms)[0m   [0mSET NAMES 'utf8'[0m
  [4;36;1mSQL (0.1ms)[0m   [0;1mSET SQL_AUTO_IS_NULL=0[0m


Processing PostsController#new (for 127.0.0.1 at 2010-06-09 15:53:25) [GET]
  [4;35;1mPost Columns (1.2ms)[0m   [0mSHOW FIELDS FROM `posts`[0m
Rendering posts/new
Completed in 20ms (View: 8, DB: 1) | 200 OK [http://localhost/posts/new]
